<<<<<<< HEAD
2019-04-24 09:17:48<xml><ToUserName><![CDATA[gh_20c55a8ab149]]></ToUserName>
=======
2019-04-24 09:32:06<xml><ToUserName><![CDATA[gh_20c55a8ab149]]></ToUserName>
>>>>>>> 832aee64b773235082b445bae3da0e50e4d82d41
<FromUserName><![CDATA[oYL3b5krtrmqxlwXs0A_7cv4vaJg]]></FromUserName>
<CreateTime>1556068658</CreateTime>
<MsgType><![CDATA[text]]></MsgType>
<Content><![CDATA[最新商品]]></Content>
<MsgId>22277547589843086</MsgId>
</xml>
<<<<<<< HEAD
=======

2019-04-24 09:34:42<xml><ToUserName><![CDATA[gh_20c55a8ab149]]></ToUserName>
<FromUserName><![CDATA[oYL3b5krtrmqxlwXs0A_7cv4vaJg]]></FromUserName>
<CreateTime>1556068658</CreateTime>
<MsgType><![CDATA[text]]></MsgType>
<Content><![CDATA[最新商品]]></Content>
<MsgId>22277547589843086</MsgId>
</xml>

2019-04-24 09:36:19<xml><ToUserName><![CDATA[gh_20c55a8ab149]]></ToUserName>
<FromUserName><![CDATA[oYL3b5krtrmqxlwXs0A_7cv4vaJg]]></FromUserName>
<CreateTime>1556068658</CreateTime>
<MsgType><![CDATA[text]]></MsgType>
<Content><![CDATA[最新商品]]></Content>
<MsgId>22277547589843086</MsgId>
</xml>

2019-04-24 09:38:17<xml><ToUserName><![CDATA[gh_20c55a8ab149]]></ToUserName>
<FromUserName><![CDATA[oYL3b5krtrmqxlwXs0A_7cv4vaJg]]></FromUserName>
<CreateTime>1556068658</CreateTime>
<MsgType><![CDATA[text]]></MsgType>
<Content><![CDATA[最新商品]]></Content>
<MsgId>22277547589843086</MsgId>
</xml>

2019-04-24 09:39:02<xml><ToUserName><![CDATA[gh_20c55a8ab149]]></ToUserName>
<FromUserName><![CDATA[oYL3b5krtrmqxlwXs0A_7cv4vaJg]]></FromUserName>
<CreateTime>1556068658</CreateTime>
<MsgType><![CDATA[text]]></MsgType>
<Content><![CDATA[最新商品]]></Content>
<MsgId>22277547589843086</MsgId>
</xml>

2019-04-24 09:43:00<xml><ToUserName><![CDATA[gh_20c55a8ab149]]></ToUserName>
<FromUserName><![CDATA[oYL3b5krtrmqxlwXs0A_7cv4vaJg]]></FromUserName>
<CreateTime>1556068658</CreateTime>
<MsgType><![CDATA[text]]></MsgType>
<Content><![CDATA[最新商品]]></Content>
<MsgId>22277547589843086</MsgId>
</xml>

2019-04-24 09:44:18<xml><ToUserName><![CDATA[gh_20c55a8ab149]]></ToUserName>
<FromUserName><![CDATA[oYL3b5krtrmqxlwXs0A_7cv4vaJg]]></FromUserName>
<CreateTime>1556068658</CreateTime>
<MsgType><![CDATA[text]]></MsgType>
<Content><![CDATA[最新商品]]></Content>
<MsgId>22277547589843086</MsgId>
</xml>

2019-04-24 09:44:37<xml><ToUserName><![CDATA[gh_20c55a8ab149]]></ToUserName>
<FromUserName><![CDATA[oYL3b5krtrmqxlwXs0A_7cv4vaJg]]></FromUserName>
<CreateTime>1556068658</CreateTime>
<MsgType><![CDATA[text]]></MsgType>
<Content><![CDATA[最新商品]]></Content>
<MsgId>22277547589843086</MsgId>
</xml>

2019-04-24 09:45:33<xml><ToUserName><![CDATA[gh_20c55a8ab149]]></ToUserName>
<FromUserName><![CDATA[oYL3b5krtrmqxlwXs0A_7cv4vaJg]]></FromUserName>
<CreateTime>1556068658</CreateTime>
<MsgType><![CDATA[text]]></MsgType>
<Content><![CDATA[最新商品]]></Content>
<MsgId>22277547589843086</MsgId>
</xml>

2019-04-24 09:46:03<xml><ToUserName><![CDATA[gh_20c55a8ab149]]></ToUserName>
<FromUserName><![CDATA[oYL3b5krtrmqxlwXs0A_7cv4vaJg]]></FromUserName>
<CreateTime>1556068658</CreateTime>
<MsgType><![CDATA[text]]></MsgType>
<Content><![CDATA[最新商品]]></Content>
<MsgId>22277547589843086</MsgId>
</xml>

2019-04-24 09:46:36<xml><ToUserName><![CDATA[gh_20c55a8ab149]]></ToUserName>
<FromUserName><![CDATA[oYL3b5krtrmqxlwXs0A_7cv4vaJg]]></FromUserName>
<CreateTime>1556068658</CreateTime>
<MsgType><![CDATA[text]]></MsgType>
<Content><![CDATA[最新商品]]></Content>
<MsgId>22277547589843086</MsgId>
</xml>

2019-04-24 09:46:59<xml><ToUserName><![CDATA[gh_20c55a8ab149]]></ToUserName>
<FromUserName><![CDATA[oYL3b5krtrmqxlwXs0A_7cv4vaJg]]></FromUserName>
<CreateTime>1556068658</CreateTime>
<MsgType><![CDATA[text]]></MsgType>
<Content><![CDATA[最新商品]]></Content>
<MsgId>22277547589843086</MsgId>
</xml>

2019-04-24 09:47:39<xml><ToUserName><![CDATA[gh_20c55a8ab149]]></ToUserName>
<FromUserName><![CDATA[oYL3b5krtrmqxlwXs0A_7cv4vaJg]]></FromUserName>
<CreateTime>1556068658</CreateTime>
<MsgType><![CDATA[text]]></MsgType>
<Content><![CDATA[最新商品]]></Content>
<MsgId>22277547589843086</MsgId>
</xml>

2019-04-24 09:48:55<xml><ToUserName><![CDATA[gh_20c55a8ab149]]></ToUserName>
<FromUserName><![CDATA[oYL3b5krtrmqxlwXs0A_7cv4vaJg]]></FromUserName>
<CreateTime>1556068658</CreateTime>
<MsgType><![CDATA[text]]></MsgType>
<Content><![CDATA[最新商品]]></Content>
<MsgId>22277547589843086</MsgId>
</xml>

2019-04-24 09:49:29<xml><ToUserName><![CDATA[gh_20c55a8ab149]]></ToUserName>
<FromUserName><![CDATA[oYL3b5krtrmqxlwXs0A_7cv4vaJg]]></FromUserName>
<CreateTime>1556068658</CreateTime>
<MsgType><![CDATA[text]]></MsgType>
<Content><![CDATA[最新商品]]></Content>
<MsgId>22277547589843086</MsgId>
</xml>

2019-04-24 09:52:44<xml><ToUserName><![CDATA[gh_20c55a8ab149]]></ToUserName>
<FromUserName><![CDATA[oYL3b5krtrmqxlwXs0A_7cv4vaJg]]></FromUserName>
<CreateTime>1556068658</CreateTime>
<MsgType><![CDATA[text]]></MsgType>
<Content><![CDATA[最新商品]]></Content>
<MsgId>22277547589843086</MsgId>
</xml>

2019-04-24 09:54:24<xml><ToUserName><![CDATA[gh_20c55a8ab149]]></ToUserName>
<FromUserName><![CDATA[oYL3b5krtrmqxlwXs0A_7cv4vaJg]]></FromUserName>
<CreateTime>1556068658</CreateTime>
<MsgType><![CDATA[text]]></MsgType>
<Content><![CDATA[最新商品]]></Content>
<MsgId>22277547589843086</MsgId>
</xml>

2019-04-24 09:57:48<xml><ToUserName><![CDATA[gh_20c55a8ab149]]></ToUserName>
<FromUserName><![CDATA[oYL3b5krtrmqxlwXs0A_7cv4vaJg]]></FromUserName>
<CreateTime>1556068658</CreateTime>
<MsgType><![CDATA[text]]></MsgType>
<Content><![CDATA[最新商品]]></Content>
<MsgId>22277547589843086</MsgId>
</xml>

2019-04-24 10:00:17<xml><ToUserName><![CDATA[gh_20c55a8ab149]]></ToUserName>
<FromUserName><![CDATA[oYL3b5krtrmqxlwXs0A_7cv4vaJg]]></FromUserName>
<CreateTime>1556068658</CreateTime>
<MsgType><![CDATA[text]]></MsgType>
<Content><![CDATA[最新商品]]></Content>
<MsgId>22277547589843086</MsgId>
</xml>

2019-04-24 10:05:32<xml><ToUserName><![CDATA[gh_20c55a8ab149]]></ToUserName>
<FromUserName><![CDATA[oYL3b5krtrmqxlwXs0A_7cv4vaJg]]></FromUserName>
<CreateTime>1556068658</CreateTime>
<MsgType><![CDATA[text]]></MsgType>
<Content><![CDATA[最新商品]]></Content>
<MsgId>22277547589843086</MsgId>
</xml>

2019-04-24 10:14:25<xml><ToUserName><![CDATA[gh_20c55a8ab149]]></ToUserName>
<FromUserName><![CDATA[oYL3b5krtrmqxlwXs0A_7cv4vaJg]]></FromUserName>
<CreateTime>1556068658</CreateTime>
<MsgType><![CDATA[text]]></MsgType>
<Content><![CDATA[最新商品]]></Content>
<MsgId>22277547589843086</MsgId>
</xml>

2019-04-24 10:17:01<xml><ToUserName><![CDATA[gh_20c55a8ab149]]></ToUserName>
<FromUserName><![CDATA[oYL3b5krtrmqxlwXs0A_7cv4vaJg]]></FromUserName>
<CreateTime>1556068658</CreateTime>
<MsgType><![CDATA[text]]></MsgType>
<Content><![CDATA[最新商品]]></Content>
<MsgId>22277547589843086</MsgId>
</xml>

2019-04-24 10:23:59<xml><ToUserName><![CDATA[gh_20c55a8ab149]]></ToUserName>
<FromUserName><![CDATA[oYL3b5krtrmqxlwXs0A_7cv4vaJg]]></FromUserName>
<CreateTime>1556068658</CreateTime>
<MsgType><![CDATA[text]]></MsgType>
<Content><![CDATA[最新商品]]></Content>
<MsgId>22277547589843086</MsgId>
</xml>

2019-04-24 10:24:35<xml><ToUserName><![CDATA[gh_20c55a8ab149]]></ToUserName>
<FromUserName><![CDATA[oYL3b5krtrmqxlwXs0A_7cv4vaJg]]></FromUserName>
<CreateTime>1556068658</CreateTime>
<MsgType><![CDATA[text]]></MsgType>
<Content><![CDATA[最新商品]]></Content>
<MsgId>22277547589843086</MsgId>
</xml>

2019-04-24 10:30:42<xml><ToUserName><![CDATA[gh_20c55a8ab149]]></ToUserName>
<FromUserName><![CDATA[oYL3b5krtrmqxlwXs0A_7cv4vaJg]]></FromUserName>
<CreateTime>1556068658</CreateTime>
<MsgType><![CDATA[text]]></MsgType>
<Content><![CDATA[最新商品]]></Content>
<MsgId>22277547589843086</MsgId>
</xml>

2019-04-24 10:44:16<xml><ToUserName><![CDATA[gh_20c55a8ab149]]></ToUserName>
<FromUserName><![CDATA[oYL3b5krtrmqxlwXs0A_7cv4vaJg]]></FromUserName>
<CreateTime>1556068658</CreateTime>
<MsgType><![CDATA[text]]></MsgType>
<Content><![CDATA[最新商品]]></Content>
<MsgId>22277547589843086</MsgId>
</xml>

<<<<<<< HEAD
2019-04-24 11:03:01<xml><ToUserName><![CDATA[gh_20c55a8ab149]]></ToUserName>
<FromUserName><![CDATA[oYL3b5krtrmqxlwXs0A_7cv4vaJg]]></FromUserName>
<CreateTime>1556068658</CreateTime>
<MsgType><![CDATA[text]]></MsgType>
<Content><![CDATA[最新商品]]></Content>
<MsgId>22277547589843086</MsgId>
</xml>

2019-04-24 11:05:58<xml><ToUserName><![CDATA[gh_20c55a8ab149]]></ToUserName>
<FromUserName><![CDATA[oYL3b5krtrmqxlwXs0A_7cv4vaJg]]></FromUserName>
<CreateTime>1556068658</CreateTime>
<MsgType><![CDATA[text]]></MsgType>
<Content><![CDATA[最新商品]]></Content>
<MsgId>22277547589843086</MsgId>
</xml>

2019-04-24 11:06:50<xml><ToUserName><![CDATA[gh_20c55a8ab149]]></ToUserName>
<FromUserName><![CDATA[oYL3b5krtrmqxlwXs0A_7cv4vaJg]]></FromUserName>
<CreateTime>1556068658</CreateTime>
<MsgType><![CDATA[text]]></MsgType>
<Content><![CDATA[最新商品]]></Content>
<MsgId>22277547589843086</MsgId>
</xml>

2019-04-24 11:08:02<xml><ToUserName><![CDATA[gh_20c55a8ab149]]></ToUserName>
<FromUserName><![CDATA[oYL3b5krtrmqxlwXs0A_7cv4vaJg]]></FromUserName>
<CreateTime>1556068658</CreateTime>
<MsgType><![CDATA[text]]></MsgType>
<Content><![CDATA[最新商品]]></Content>
<MsgId>22277547589843086</MsgId>
</xml>

2019-04-24 11:12:48<xml><ToUserName><![CDATA[gh_20c55a8ab149]]></ToUserName>
<FromUserName><![CDATA[oYL3b5krtrmqxlwXs0A_7cv4vaJg]]></FromUserName>
<CreateTime>1556068658</CreateTime>
<MsgType><![CDATA[text]]></MsgType>
<Content><![CDATA[最新商品]]></Content>
<MsgId>22277547589843086</MsgId>
</xml>

=======
>>>>>>> 832aee64b773235082b445bae3da0e50e4d82d41
<<<<<<< HEAD
2019-04-24 10:49:40<xml><ToUserName><![CDATA[gh_20c55a8ab149]]></ToUserName>
<FromUserName><![CDATA[oYL3b5krtrmqxlwXs0A_7cv4vaJg]]></FromUserName>
<CreateTime>1556074180</CreateTime>
<MsgType><![CDATA[text]]></MsgType>
<Content><![CDATA[最新商品]]></Content>
<MsgId>22277621710358189</MsgId>
</xml>
2019-04-24 10:49:43<xml><ToUserName><![CDATA[gh_20c55a8ab149]]></ToUserName>
<FromUserName><![CDATA[oYL3b5krtrmqxlwXs0A_7cv4vaJg]]></FromUserName>
<CreateTime>1556074180</CreateTime>
<MsgType><![CDATA[text]]></MsgType>
<Content><![CDATA[最新商品]]></Content>
<MsgId>22277621710358189</MsgId>
</xml>
2019-04-24 10:49:47<xml><ToUserName><![CDATA[gh_20c55a8ab149]]></ToUserName>
<FromUserName><![CDATA[oYL3b5krtrmqxlwXs0A_7cv4vaJg]]></FromUserName>
<CreateTime>1556074180</CreateTime>
<MsgType><![CDATA[text]]></MsgType>
<Content><![CDATA[最新商品]]></Content>
<MsgId>22277621710358189</MsgId>
</xml>
2019-04-24 10:50:55<xml><ToUserName><![CDATA[gh_20c55a8ab149]]></ToUserName>
<FromUserName><![CDATA[oYL3b5krtrmqxlwXs0A_7cv4vaJg]]></FromUserName>
<CreateTime>1556068658</CreateTime>
<MsgType><![CDATA[text]]></MsgType>
<Content><![CDATA[最新商品]]></Content>
<MsgId>22277547589843086</MsgId>
</xml>

2019-04-24 10:52:22<xml><ToUserName><![CDATA[gh_20c55a8ab149]]></ToUserName>
<FromUserName><![CDATA[oYL3b5krtrmqxlwXs0A_7cv4vaJg]]></FromUserName>
<CreateTime>1556068658</CreateTime>
<MsgType><![CDATA[text]]></MsgType>
<Content><![CDATA[最新商品]]></Content>
<MsgId>22277547589843086</MsgId>
</xml>

2019-04-24 10:53:33<xml><ToUserName><![CDATA[gh_20c55a8ab149]]></ToUserName>
<FromUserName><![CDATA[oYL3b5krtrmqxlwXs0A_7cv4vaJg]]></FromUserName>
<CreateTime>1556068658</CreateTime>
<MsgType><![CDATA[text]]></MsgType>
<Content><![CDATA[最新商品]]></Content>
<MsgId>22277547589843086</MsgId>
</xml>

2019-04-24 10:53:59<xml><ToUserName><![CDATA[gh_20c55a8ab149]]></ToUserName>
<FromUserName><![CDATA[oYL3b5krtrmqxlwXs0A_7cv4vaJg]]></FromUserName>
<CreateTime>1556074439</CreateTime>
<MsgType><![CDATA[text]]></MsgType>
<Content><![CDATA[最新商品]]></Content>
<MsgId>22277626026908766</MsgId>
</xml>
2019-04-24 11:02:40<xml><ToUserName><![CDATA[gh_20c55a8ab149]]></ToUserName>
<FromUserName><![CDATA[oYL3b5krtrmqxlwXs0A_7cv4vaJg]]></FromUserName>
<CreateTime>1556068658</CreateTime>
<MsgType><![CDATA[text]]></MsgType>
<Content><![CDATA[最新商品]]></Content>
<MsgId>22277547589843086</MsgId>
</xml>

2019-04-24 11:24:08<xml><ToUserName><![CDATA[gh_20c55a8ab149]]></ToUserName>
<FromUserName><![CDATA[oYL3b5krtrmqxlwXs0A_7cv4vaJg]]></FromUserName>
<CreateTime>1556076248</CreateTime>
<MsgType><![CDATA[text]]></MsgType>
<Content><![CDATA[最新商品]]></Content>
<MsgId>22277653355804204</MsgId>
</xml>
=======
>>>>>>> 0156b9d319f6f1cd6d19bfa255c8a4467630c116
>>>>>>> 612b7f76f62087f069fc47275c3e8e030c9372a4
2019-04-24 11:34:26<xml><ToUserName><![CDATA[gh_20c55a8ab149]]></ToUserName>
<FromUserName><![CDATA[oYL3b5krtrmqxlwXs0A_7cv4vaJg]]></FromUserName>
<CreateTime>1556068658</CreateTime>
<MsgType><![CDATA[text]]></MsgType>
<Content><![CDATA[最新商品]]></Content>
<MsgId>22277547589843086</MsgId>
</xml>

2019-04-24 11:36:12<xml><ToUserName><![CDATA[gh_20c55a8ab149]]></ToUserName>
<FromUserName><![CDATA[oYL3b5krtrmqxlwXs0A_7cv4vaJg]]></FromUserName>
<CreateTime>1556076972</CreateTime>
<MsgType><![CDATA[text]]></MsgType>
<Content><![CDATA[最新商品]]></Content>
<MsgId>22277667538657921</MsgId>
</xml>
2019-04-24 11:37:44<xml><ToUserName><![CDATA[gh_20c55a8ab149]]></ToUserName>
<FromUserName><![CDATA[oYL3b5krtrmqxlwXs0A_7cv4vaJg]]></FromUserName>
<CreateTime>1556068658</CreateTime>
<MsgType><![CDATA[text]]></MsgType>
<Content><![CDATA[最新商品]]></Content>
<MsgId>22277547589843086</MsgId>
</xml>

2019-04-24 11:38:05<xml><ToUserName><![CDATA[gh_20c55a8ab149]]></ToUserName>
<FromUserName><![CDATA[oYL3b5krtrmqxlwXs0A_7cv4vaJg]]></FromUserName>
<CreateTime>1556077085</CreateTime>
<MsgType><![CDATA[text]]></MsgType>
<Content><![CDATA[最新商品]]></Content>
<MsgId>22277665254933301</MsgId>
</xml>
2019-04-24 11:38:08<xml><ToUserName><![CDATA[gh_20c55a8ab149]]></ToUserName>
<FromUserName><![CDATA[oYL3b5krtrmqxlwXs0A_7cv4vaJg]]></FromUserName>
<CreateTime>1556077085</CreateTime>
<MsgType><![CDATA[text]]></MsgType>
<Content><![CDATA[最新商品]]></Content>
<MsgId>22277665254933301</MsgId>
</xml>
2019-04-24 11:38:12<xml><ToUserName><![CDATA[gh_20c55a8ab149]]></ToUserName>
<FromUserName><![CDATA[oYL3b5krtrmqxlwXs0A_7cv4vaJg]]></FromUserName>
<CreateTime>1556077085</CreateTime>
<MsgType><![CDATA[text]]></MsgType>
<Content><![CDATA[最新商品]]></Content>
<MsgId>22277665254933301</MsgId>
</xml>
