2019-04-24 09:31:00
2019-04-24 09:32:06<xml><ToUserName><![CDATA[gh_20c55a8ab149]]></ToUserName>
<FromUserName><![CDATA[oYL3b5krtrmqxlwXs0A_7cv4vaJg]]></FromUserName>
<CreateTime>1556068658</CreateTime>
<MsgType><![CDATA[text]]></MsgType>
<Content><![CDATA[最新商品]]></Content>
<MsgId>22277547589843086</MsgId>
</xml>

2019-04-24 09:34:42<xml><ToUserName><![CDATA[gh_20c55a8ab149]]></ToUserName>
<FromUserName><![CDATA[oYL3b5krtrmqxlwXs0A_7cv4vaJg]]></FromUserName>
<CreateTime>1556068658</CreateTime>
<MsgType><![CDATA[text]]></MsgType>
<Content><![CDATA[最新商品]]></Content>
<MsgId>22277547589843086</MsgId>
</xml>

2019-04-24 09:36:19<xml><ToUserName><![CDATA[gh_20c55a8ab149]]></ToUserName>
<FromUserName><![CDATA[oYL3b5krtrmqxlwXs0A_7cv4vaJg]]></FromUserName>
<CreateTime>1556068658</CreateTime>
<MsgType><![CDATA[text]]></MsgType>
<Content><![CDATA[最新商品]]></Content>
<MsgId>22277547589843086</MsgId>
</xml>

2019-04-24 09:38:17<xml><ToUserName><![CDATA[gh_20c55a8ab149]]></ToUserName>
<FromUserName><![CDATA[oYL3b5krtrmqxlwXs0A_7cv4vaJg]]></FromUserName>
<CreateTime>1556068658</CreateTime>
<MsgType><![CDATA[text]]></MsgType>
<Content><![CDATA[最新商品]]></Content>
<MsgId>22277547589843086</MsgId>
</xml>

2019-04-24 09:39:02<xml><ToUserName><![CDATA[gh_20c55a8ab149]]></ToUserName>
<FromUserName><![CDATA[oYL3b5krtrmqxlwXs0A_7cv4vaJg]]></FromUserName>
<CreateTime>1556068658</CreateTime>
<MsgType><![CDATA[text]]></MsgType>
<Content><![CDATA[最新商品]]></Content>
<MsgId>22277547589843086</MsgId>
</xml>

2019-04-24 09:43:00<xml><ToUserName><![CDATA[gh_20c55a8ab149]]></ToUserName>
<FromUserName><![CDATA[oYL3b5krtrmqxlwXs0A_7cv4vaJg]]></FromUserName>
<CreateTime>1556068658</CreateTime>
<MsgType><![CDATA[text]]></MsgType>
<Content><![CDATA[最新商品]]></Content>
<MsgId>22277547589843086</MsgId>
</xml>

2019-04-24 09:44:18<xml><ToUserName><![CDATA[gh_20c55a8ab149]]></ToUserName>
<FromUserName><![CDATA[oYL3b5krtrmqxlwXs0A_7cv4vaJg]]></FromUserName>
<CreateTime>1556068658</CreateTime>
<MsgType><![CDATA[text]]></MsgType>
<Content><![CDATA[最新商品]]></Content>
<MsgId>22277547589843086</MsgId>
</xml>

2019-04-24 09:44:37<xml><ToUserName><![CDATA[gh_20c55a8ab149]]></ToUserName>
<FromUserName><![CDATA[oYL3b5krtrmqxlwXs0A_7cv4vaJg]]></FromUserName>
<CreateTime>1556068658</CreateTime>
<MsgType><![CDATA[text]]></MsgType>
<Content><![CDATA[最新商品]]></Content>
<MsgId>22277547589843086</MsgId>
</xml>

2019-04-24 09:45:33<xml><ToUserName><![CDATA[gh_20c55a8ab149]]></ToUserName>
<FromUserName><![CDATA[oYL3b5krtrmqxlwXs0A_7cv4vaJg]]></FromUserName>
<CreateTime>1556068658</CreateTime>
<MsgType><![CDATA[text]]></MsgType>
<Content><![CDATA[最新商品]]></Content>
<MsgId>22277547589843086</MsgId>
</xml>

2019-04-24 09:46:03<xml><ToUserName><![CDATA[gh_20c55a8ab149]]></ToUserName>
<FromUserName><![CDATA[oYL3b5krtrmqxlwXs0A_7cv4vaJg]]></FromUserName>
<CreateTime>1556068658</CreateTime>
<MsgType><![CDATA[text]]></MsgType>
<Content><![CDATA[最新商品]]></Content>
<MsgId>22277547589843086</MsgId>
</xml>

2019-04-24 09:46:36<xml><ToUserName><![CDATA[gh_20c55a8ab149]]></ToUserName>
<FromUserName><![CDATA[oYL3b5krtrmqxlwXs0A_7cv4vaJg]]></FromUserName>
<CreateTime>1556068658</CreateTime>
<MsgType><![CDATA[text]]></MsgType>
<Content><![CDATA[最新商品]]></Content>
<MsgId>22277547589843086</MsgId>
</xml>

2019-04-24 09:46:59<xml><ToUserName><![CDATA[gh_20c55a8ab149]]></ToUserName>
<FromUserName><![CDATA[oYL3b5krtrmqxlwXs0A_7cv4vaJg]]></FromUserName>
<CreateTime>1556068658</CreateTime>
<MsgType><![CDATA[text]]></MsgType>
<Content><![CDATA[最新商品]]></Content>
<MsgId>22277547589843086</MsgId>
</xml>

2019-04-24 09:47:39<xml><ToUserName><![CDATA[gh_20c55a8ab149]]></ToUserName>
<FromUserName><![CDATA[oYL3b5krtrmqxlwXs0A_7cv4vaJg]]></FromUserName>
<CreateTime>1556068658</CreateTime>
<MsgType><![CDATA[text]]></MsgType>
<Content><![CDATA[最新商品]]></Content>
<MsgId>22277547589843086</MsgId>
</xml>

2019-04-24 09:48:55<xml><ToUserName><![CDATA[gh_20c55a8ab149]]></ToUserName>
<FromUserName><![CDATA[oYL3b5krtrmqxlwXs0A_7cv4vaJg]]></FromUserName>
<CreateTime>1556068658</CreateTime>
<MsgType><![CDATA[text]]></MsgType>
<Content><![CDATA[最新商品]]></Content>
<MsgId>22277547589843086</MsgId>
</xml>

2019-04-24 09:49:29<xml><ToUserName><![CDATA[gh_20c55a8ab149]]></ToUserName>
<FromUserName><![CDATA[oYL3b5krtrmqxlwXs0A_7cv4vaJg]]></FromUserName>
<CreateTime>1556068658</CreateTime>
<MsgType><![CDATA[text]]></MsgType>
<Content><![CDATA[最新商品]]></Content>
<MsgId>22277547589843086</MsgId>
</xml>

2019-04-24 09:52:44<xml><ToUserName><![CDATA[gh_20c55a8ab149]]></ToUserName>
<FromUserName><![CDATA[oYL3b5krtrmqxlwXs0A_7cv4vaJg]]></FromUserName>
<CreateTime>1556068658</CreateTime>
<MsgType><![CDATA[text]]></MsgType>
<Content><![CDATA[最新商品]]></Content>
<MsgId>22277547589843086</MsgId>
</xml>

2019-04-24 09:54:24<xml><ToUserName><![CDATA[gh_20c55a8ab149]]></ToUserName>
<FromUserName><![CDATA[oYL3b5krtrmqxlwXs0A_7cv4vaJg]]></FromUserName>
<CreateTime>1556068658</CreateTime>
<MsgType><![CDATA[text]]></MsgType>
<Content><![CDATA[最新商品]]></Content>
<MsgId>22277547589843086</MsgId>
</xml>

2019-04-24 09:57:48<xml><ToUserName><![CDATA[gh_20c55a8ab149]]></ToUserName>
<FromUserName><![CDATA[oYL3b5krtrmqxlwXs0A_7cv4vaJg]]></FromUserName>
<CreateTime>1556068658</CreateTime>
<MsgType><![CDATA[text]]></MsgType>
<Content><![CDATA[最新商品]]></Content>
<MsgId>22277547589843086</MsgId>
</xml>

2019-04-24 10:00:17<xml><ToUserName><![CDATA[gh_20c55a8ab149]]></ToUserName>
<FromUserName><![CDATA[oYL3b5krtrmqxlwXs0A_7cv4vaJg]]></FromUserName>
<CreateTime>1556068658</CreateTime>
<MsgType><![CDATA[text]]></MsgType>
<Content><![CDATA[最新商品]]></Content>
<MsgId>22277547589843086</MsgId>
</xml>

2019-04-24 10:01:46
2019-04-24 10:05:32<xml><ToUserName><![CDATA[gh_20c55a8ab149]]></ToUserName>
<FromUserName><![CDATA[oYL3b5krtrmqxlwXs0A_7cv4vaJg]]></FromUserName>
<CreateTime>1556068658</CreateTime>
<MsgType><![CDATA[text]]></MsgType>
<Content><![CDATA[最新商品]]></Content>
<MsgId>22277547589843086</MsgId>
</xml>

2019-04-24 10:14:25<xml><ToUserName><![CDATA[gh_20c55a8ab149]]></ToUserName>
<FromUserName><![CDATA[oYL3b5krtrmqxlwXs0A_7cv4vaJg]]></FromUserName>
<CreateTime>1556068658</CreateTime>
<MsgType><![CDATA[text]]></MsgType>
<Content><![CDATA[最新商品]]></Content>
<MsgId>22277547589843086</MsgId>
</xml>

2019-04-24 10:17:01<xml><ToUserName><![CDATA[gh_20c55a8ab149]]></ToUserName>
<FromUserName><![CDATA[oYL3b5krtrmqxlwXs0A_7cv4vaJg]]></FromUserName>
<CreateTime>1556068658</CreateTime>
<MsgType><![CDATA[text]]></MsgType>
<Content><![CDATA[最新商品]]></Content>
<MsgId>22277547589843086</MsgId>
</xml>

2019-04-24 10:23:59<xml><ToUserName><![CDATA[gh_20c55a8ab149]]></ToUserName>
<FromUserName><![CDATA[oYL3b5krtrmqxlwXs0A_7cv4vaJg]]></FromUserName>
<CreateTime>1556068658</CreateTime>
<MsgType><![CDATA[text]]></MsgType>
<Content><![CDATA[最新商品]]></Content>
<MsgId>22277547589843086</MsgId>
</xml>

2019-04-24 10:24:35<xml><ToUserName><![CDATA[gh_20c55a8ab149]]></ToUserName>
<FromUserName><![CDATA[oYL3b5krtrmqxlwXs0A_7cv4vaJg]]></FromUserName>
<CreateTime>1556068658</CreateTime>
<MsgType><![CDATA[text]]></MsgType>
<Content><![CDATA[最新商品]]></Content>
<MsgId>22277547589843086</MsgId>
</xml>

2019-04-24 10:30:42<xml><ToUserName><![CDATA[gh_20c55a8ab149]]></ToUserName>
<FromUserName><![CDATA[oYL3b5krtrmqxlwXs0A_7cv4vaJg]]></FromUserName>
<CreateTime>1556068658</CreateTime>
<MsgType><![CDATA[text]]></MsgType>
<Content><![CDATA[最新商品]]></Content>
<MsgId>22277547589843086</MsgId>
</xml>

2019-04-24 10:44:16<xml><ToUserName><![CDATA[gh_20c55a8ab149]]></ToUserName>
<FromUserName><![CDATA[oYL3b5krtrmqxlwXs0A_7cv4vaJg]]></FromUserName>
<CreateTime>1556068658</CreateTime>
<MsgType><![CDATA[text]]></MsgType>
<Content><![CDATA[最新商品]]></Content>
<MsgId>22277547589843086</MsgId>
</xml>

2019-04-24 11:03:01<xml><ToUserName><![CDATA[gh_20c55a8ab149]]></ToUserName>
<FromUserName><![CDATA[oYL3b5krtrmqxlwXs0A_7cv4vaJg]]></FromUserName>
<CreateTime>1556068658</CreateTime>
<MsgType><![CDATA[text]]></MsgType>
<Content><![CDATA[最新商品]]></Content>
<MsgId>22277547589843086</MsgId>
</xml>

2019-04-24 11:05:58<xml><ToUserName><![CDATA[gh_20c55a8ab149]]></ToUserName>
<FromUserName><![CDATA[oYL3b5krtrmqxlwXs0A_7cv4vaJg]]></FromUserName>
<CreateTime>1556068658</CreateTime>
<MsgType><![CDATA[text]]></MsgType>
<Content><![CDATA[最新商品]]></Content>
<MsgId>22277547589843086</MsgId>
</xml>

2019-04-24 11:06:50<xml><ToUserName><![CDATA[gh_20c55a8ab149]]></ToUserName>
<FromUserName><![CDATA[oYL3b5krtrmqxlwXs0A_7cv4vaJg]]></FromUserName>
<CreateTime>1556068658</CreateTime>
<MsgType><![CDATA[text]]></MsgType>
<Content><![CDATA[最新商品]]></Content>
<MsgId>22277547589843086</MsgId>
</xml>

2019-04-24 11:08:02<xml><ToUserName><![CDATA[gh_20c55a8ab149]]></ToUserName>
<FromUserName><![CDATA[oYL3b5krtrmqxlwXs0A_7cv4vaJg]]></FromUserName>
<CreateTime>1556068658</CreateTime>
<MsgType><![CDATA[text]]></MsgType>
<Content><![CDATA[最新商品]]></Content>
<MsgId>22277547589843086</MsgId>
</xml>

2019-04-24 11:12:48<xml><ToUserName><![CDATA[gh_20c55a8ab149]]></ToUserName>
<FromUserName><![CDATA[oYL3b5krtrmqxlwXs0A_7cv4vaJg]]></FromUserName>
<CreateTime>1556068658</CreateTime>
<MsgType><![CDATA[text]]></MsgType>
<Content><![CDATA[最新商品]]></Content>
<MsgId>22277547589843086</MsgId>
</xml>

