2019-04-20 10:12:59
<xml><appid><![CDATA[wxd5af665b240b75d4]]></appid>
<bank_type><![CDATA[CFT]]></bank_type>
<cash_fee><![CDATA[1]]></cash_fee>
<fee_type><![CDATA[CNY]]></fee_type>
<is_subscribe><![CDATA[N]]></is_subscribe>
<mch_id><![CDATA[1500086022]]></mch_id>
<nonce_str><![CDATA[WtI3n1oB3OdsEGqc]]></nonce_str>
<openid><![CDATA[osZaFw9SSaodQd9wk9Tj7Js1ddCo]]></openid>
<out_trade_no><![CDATA[155563528290494]]></out_trade_no>
<result_code><![CDATA[SUCCESS]]></result_code>
<return_code><![CDATA[SUCCESS]]></return_code>
<sign><![CDATA[2E5A1BACF9284AEB8C88FE4CA03EFCD5]]></sign>
<time_end><![CDATA[20190419085455]]></time_end>
<total_fee>1</total_fee>
<trade_type><![CDATA[NATIVE]]></trade_type>
<transaction_id><![CDATA[4200000305201904198938964693]]></transaction_id>
</xml>
<<<<<<<2019-04-20 10:17:03
<xml><appid><![CDATA[wxd5af665b240b75d4]]></appid>
<bank_type><![CDATA[CFT]]></bank_type>
<cash_fee><![CDATA[1]]></cash_fee>
<fee_type><![CDATA[CNY]]></fee_type>
<is_subscribe><![CDATA[N]]></is_subscribe>
<mch_id><![CDATA[1500086022]]></mch_id>
<nonce_str><![CDATA[WtI3n1oB3OdsEGqc]]></nonce_str>
<openid><![CDATA[osZaFw9SSaodQd9wk9Tj7Js1ddCo]]></openid>
<out_trade_no><![CDATA[155563528290494]]></out_trade_no>
<result_code><![CDATA[SUCCESS]]></result_code>
<return_code><![CDATA[SUCCESS]]></return_code>
<sign><![CDATA[2E5A1BACF9284AEB8C88FE4CA03EFCD5]]></sign>
<time_end><![CDATA[20190419085455]]></time_end>
<total_fee>1</total_fee>
<trade_type><![CDATA[NATIVE]]></trade_type>
<transaction_id><![CDATA[4200000305201904198938964693]]></transaction_id>
</xml>
<<<<<<<2019-04-20 10:18:20
<xml><appid><![CDATA[wxd5af665b240b75d4]]></appid>
<bank_type><![CDATA[CFT]]></bank_type>
<cash_fee><![CDATA[1]]></cash_fee>
<fee_type><![CDATA[CNY]]></fee_type>
<is_subscribe><![CDATA[N]]></is_subscribe>
<mch_id><![CDATA[1500086022]]></mch_id>
<nonce_str><![CDATA[WtI3n1oB3OdsEGqc]]></nonce_str>
<openid><![CDATA[osZaFw9SSaodQd9wk9Tj7Js1ddCo]]></openid>
<out_trade_no><![CDATA[155563528290494]]></out_trade_no>
<result_code><![CDATA[SUCCESS]]></result_code>
<return_code><![CDATA[SUCCESS]]></return_code>
<sign><![CDATA[2E5A1BACF9284AEB8C88FE4CA03EFCD5]]></sign>
<time_end><![CDATA[20190419085455]]></time_end>
<total_fee>1</total_fee>
<trade_type><![CDATA[NATIVE]]></trade_type>
<transaction_id><![CDATA[4200000305201904198938964693]]></transaction_id>
</xml>
<<<<<<<2019-04-20 10:24:09
<xml><appid><![CDATA[wxd5af665b240b75d4]]></appid>
<bank_type><![CDATA[CFT]]></bank_type>
<cash_fee><![CDATA[1]]></cash_fee>
<fee_type><![CDATA[CNY]]></fee_type>
<is_subscribe><![CDATA[N]]></is_subscribe>
<mch_id><![CDATA[1500086022]]></mch_id>
<nonce_str><![CDATA[WtI3n1oB3OdsEGqc]]></nonce_str>
<openid><![CDATA[osZaFw9SSaodQd9wk9Tj7Js1ddCo]]></openid>
<out_trade_no><![CDATA[155563528290494]]></out_trade_no>
<result_code><![CDATA[SUCCESS]]></result_code>
<return_code><![CDATA[SUCCESS]]></return_code>
<sign><![CDATA[2E5A1BACF9284AEB8C88FE4CA03EFCD5]]></sign>
<time_end><![CDATA[20190419085455]]></time_end>
<total_fee>1</total_fee>
<trade_type><![CDATA[NATIVE]]></trade_type>
<transaction_id><![CDATA[4200000305201904198938964693]]></transaction_id>
</xml>
<<<<<<<2019-04-20 10:29:27
<xml><appid><![CDATA[wxd5af665b240b75d4]]></appid>
<bank_type><![CDATA[CFT]]></bank_type>
<cash_fee><![CDATA[1]]></cash_fee>
<fee_type><![CDATA[CNY]]></fee_type>
<is_subscribe><![CDATA[N]]></is_subscribe>
<mch_id><![CDATA[1500086022]]></mch_id>
<nonce_str><![CDATA[f5aBYSG8aw5EpIgC]]></nonce_str>
<openid><![CDATA[osZaFw9SSaodQd9wk9Tj7Js1ddCo]]></openid>
<out_trade_no><![CDATA[1809a_19042010_db55c1f89639a2e5]]></out_trade_no>
<result_code><![CDATA[SUCCESS]]></result_code>
<return_code><![CDATA[SUCCESS]]></return_code>
<sign><![CDATA[63F95C2A58BE57D173E3C228BF1F0D59]]></sign>
<time_end><![CDATA[20190420102927]]></time_end>
<total_fee>1</total_fee>
<trade_type><![CDATA[NATIVE]]></trade_type>
<transaction_id><![CDATA[4200000303201904205874358731]]></transaction_id>
</xml>
<<<<<<<2019-04-20 10:44:06
<xml><appid><![CDATA[wxd5af665b240b75d4]]></appid>
<bank_type><![CDATA[CFT]]></bank_type>
<cash_fee><![CDATA[1]]></cash_fee>
<fee_type><![CDATA[CNY]]></fee_type>
<is_subscribe><![CDATA[N]]></is_subscribe>
<mch_id><![CDATA[1500086022]]></mch_id>
<nonce_str><![CDATA[WtI3n1oB3OdsEGqc]]></nonce_str>
<openid><![CDATA[osZaFw9SSaodQd9wk9Tj7Js1ddCo]]></openid>
<out_trade_no><![CDATA[155563528290494]]></out_trade_no>
<result_code><![CDATA[SUCCESS]]></result_code>
<return_code><![CDATA[SUCCESS]]></return_code>
<sign><![CDATA[2E5A1BACF9284AEB8C88FE4CA03EFCD5]]></sign>
<time_end><![CDATA[20190419085455]]></time_end>
<total_fee>1</total_fee>
<trade_type><![CDATA[NATIVE]]></trade_type>
<transaction_id><![CDATA[4200000305201904198938964693]]></transaction_id>
</xml>
<<<<<<<2019-04-21 19:37:17
<xml><appid><![CDATA[wxd5af665b240b75d4]]></appid>
<bank_type><![CDATA[CFT]]></bank_type>
<cash_fee><![CDATA[1]]></cash_fee>
<fee_type><![CDATA[CNY]]></fee_type>
<is_subscribe><![CDATA[N]]></is_subscribe>
<mch_id><![CDATA[1500086022]]></mch_id>
<nonce_str><![CDATA[2FJPSwzTocEg2Puj]]></nonce_str>
<openid><![CDATA[osZaFw9SSaodQd9wk9Tj7Js1ddCo]]></openid>
<out_trade_no><![CDATA[1809a_19042119_c729b738f84097db]]></out_trade_no>
<result_code><![CDATA[SUCCESS]]></result_code>
<return_code><![CDATA[SUCCESS]]></return_code>
<sign><![CDATA[116F21D39B876C9A4AB7D0F9DD6EDA6B]]></sign>
<time_end><![CDATA[20190421193716]]></time_end>
<total_fee>1</total_fee>
<trade_type><![CDATA[NATIVE]]></trade_type>
<transaction_id><![CDATA[4200000294201904219757793774]]></transaction_id>
</xml>
<<<<<<<2019-04-21 19:56:42
<xml><appid><![CDATA[wxd5af665b240b75d4]]></appid>
<bank_type><![CDATA[CFT]]></bank_type>
<cash_fee><![CDATA[1]]></cash_fee>
<fee_type><![CDATA[CNY]]></fee_type>
<is_subscribe><![CDATA[N]]></is_subscribe>
<mch_id><![CDATA[1500086022]]></mch_id>
<nonce_str><![CDATA[2FJPSwzTocEg2Puj]]></nonce_str>
<openid><![CDATA[osZaFw9SSaodQd9wk9Tj7Js1ddCo]]></openid>
<out_trade_no><![CDATA[1809a_19042119_c729b738f84097db]]></out_trade_no>
<result_code><![CDATA[SUCCESS]]></result_code>
<return_code><![CDATA[SUCCESS]]></return_code>
<sign><![CDATA[116F21D39B876C9A4AB7D0F9DD6EDA6B]]></sign>
<time_end><![CDATA[20190421193716]]></time_end>
<total_fee>1</total_fee>
<trade_type><![CDATA[NATIVE]]></trade_type>
<transaction_id><![CDATA[4200000294201904219757793774]]></transaction_id>
</xml>
<<<<<<<2019-04-22 09:16:46
<xml><appid><![CDATA[wxd5af665b240b75d4]]></appid>
<bank_type><![CDATA[CFT]]></bank_type>
<cash_fee><![CDATA[1]]></cash_fee>
<fee_type><![CDATA[CNY]]></fee_type>
<is_subscribe><![CDATA[N]]></is_subscribe>
<mch_id><![CDATA[1500086022]]></mch_id>
<nonce_str><![CDATA[i95KdO8tWB9qXPGh]]></nonce_str>
<openid><![CDATA[osZaFw9SSaodQd9wk9Tj7Js1ddCo]]></openid>
<out_trade_no><![CDATA[1809a_19042209_ae3e479484801003]]></out_trade_no>
<result_code><![CDATA[SUCCESS]]></result_code>
<return_code><![CDATA[SUCCESS]]></return_code>
<sign><![CDATA[7E30A26C02E413896262733B0D035C43]]></sign>
<time_end><![CDATA[20190422091644]]></time_end>
<total_fee>1</total_fee>
<trade_type><![CDATA[NATIVE]]></trade_type>
<transaction_id><![CDATA[4200000308201904224619653845]]></transaction_id>
</xml>
<<<<<<<